[20May2025 00:06:33.249] [Server thread/INFO] [net.minecraft.server.network.ServerLoginPacketListenerImpl/]: com.mojang.authlib.GameProfile@65b409a1[id=<null>,name=sokrose,properties={},legacy=false] (/127.86.26.185:43619) lost connection: Disconnected
[20May2025 00:07:52.549] [Server thread/INFO] [net.minecraft.server.network.ServerLoginPacketListenerImpl/]: com.mojang.authlib.GameProfile@213087eb[id=<null>,name=sokrose,properties={},legacy=false] (/127.86.26.185:56579) lost connection: Disconnected
[20May2025 00:13:47.452] [Server thread/INFO] [net.minecraft.server.players.PlayerList/]: sokrose[/127.86.26.185:50373] logged in with entity id 79285 at (36.5, 70.0, -10.5)
[20May2025 00:13:47.458] [Server thread/INFO] [net.minecraft.server.MinecraftServer/]: sokrose joined the game
[20May2025 00:13:47.502] [Server thread/INFO] [Jade/]: Syncing config to sokrose (c53bd173-f321-3987-8dbf-6e96e9326385)
[20May2025 00:14:53.906] [Server thread/INFO] [net.minecraft.server.network.ServerGamePacketListenerImpl/]: sokrose lost connection: Disconnected
[20May2025 00:14:53.907] [Server thread/INFO] [net.minecraft.server.MinecraftServer/]: sokrose left the game
[20May2025 00:17:33.604] [Server thread/INFO] [net.minecraft.server.players.PlayerList/]: sokrose[/127.86.26.185:33727] logged in with entity id 79758 at (35.24779602739091, 71.0, -1.6160465359797827)
[20May2025 00:17:33.609] [Server thread/INFO] [net.minecraft.server.MinecraftServer/]: sokrose joined the game
[20May2025 00:17:33.650] [Server thread/INFO] [Jade/]: Syncing config to sokrose (c53bd173-f321-3987-8dbf-6e96e9326385)
[20May2025 00:19:39.206] [Server thread/INFO] [net.minecraft.server.MinecraftServer/]: sokrose was slain by Nightmare Stalker
[20May2025 00:20:15.604] [Server thread/INFO] [net.minecraft.server.MinecraftServer/]: sokrose was slain by Nightmare Stalker
[20May2025 00:20:22.303] [Server thread/INFO] [net.minecraft.server.MinecraftServer/]: sokrose was slain by Nightmare Stalker
[20May2025 00:20:31.853] [Server thread/INFO] [net.minecraft.server.MinecraftServer/]: sokrose was slain by Nightmare Stalker
[20May2025 00:20:43.503] [Server thread/INFO] [net.minecraft.server.MinecraftServer/]: sokrose was slain by Nightmare Stalker
[20May2025 00:20:53.152] [Server thread/INFO] [net.minecraft.server.MinecraftServer/]: sokrose was slain by Nightmare Stalker
[20May2025 00:21:03.655] [Server thread/INFO] [net.minecraft.server.MinecraftServer/]: sokrose was slain by Lifestealer
[20May2025 00:21:03.661] [Server thread/INFO] [net.minecraft.server.network.ServerGamePacketListenerImpl/]: sokrose lost connection: Disconnected
[20May2025 00:21:03.661] [Server thread/INFO] [net.minecraft.server.MinecraftServer/]: sokrose left the game
[20May2025 00:28:11.666] [Server thread/INFO] [net.minecraft.server.players.PlayerList/]: blackdesfail[/127.195.151.45:46625] logged in with entity id 81640 at (4197.952912203826, 75.0, 3351.6786070540784)
[20May2025 00:28:11.672] [Server thread/INFO] [net.minecraft.server.MinecraftServer/]: blackdesfail joined the game
[20May2025 00:28:11.678] [Server thread/INFO] [Jade/]: Syncing config to blackdesfail (8ee55147-1e45-3b94-88b3-e892d49e9186)
[20May2025 00:37:22.212] [Server thread/INFO] [net.minecraft.server.players.PlayerList/]: ander31[/127.205.183.188:50451] logged in with entity id 86704 at (31.5, 70.0, -8.5)
[20May2025 00:37:22.217] [Server thread/INFO] [net.minecraft.server.MinecraftServer/]: ander31 joined the game
[20May2025 00:37:22.258] [Server thread/INFO] [Jade/]: Syncing config to ander31 (b1453593-5f83-3666-8d38-4070cb18656a)
[20May2025 00:37:53.517] [Server thread/INFO] [net.minecraft.server.network.ServerGamePacketListenerImpl/]: ander31 lost connection: Disconnected
[20May2025 00:37:53.518] [Server thread/INFO] [net.minecraft.server.MinecraftServer/]: ander31 left the game
[20May2025 00:38:00.011] [Server thread/INFO] [net.minecraft.server.players.PlayerList/]: ander31[/127.205.183.188:58609] logged in with entity id 87554 at (31.5, 70.0, -8.5)
[20May2025 00:38:00.017] [Server thread/INFO] [net.minecraft.server.MinecraftServer/]: ander31 joined the game
[20May2025 00:38:00.054] [Server thread/INFO] [Jade/]: Syncing config to ander31 (b1453593-5f83-3666-8d38-4070cb18656a)
[20May2025 00:38:28.015] [Server thread/INFO] [net.minecraft.server.network.ServerGamePacketListenerImpl/]: ander31 lost connection: Disconnected
[20May2025 00:38:28.015] [Server thread/INFO] [net.minecraft.server.MinecraftServer/]: ander31 left the game
[20May2025 00:38:34.465] [Server thread/INFO] [net.minecraft.server.players.PlayerList/]: ander31[/127.205.183.188:55831] logged in with entity id 88284 at (31.5, 70.0, -8.5)
[20May2025 00:38:34.471] [Server thread/INFO] [net.minecraft.server.MinecraftServer/]: ander31 joined the game
[20May2025 00:38:34.516] [Server thread/INFO] [Jade/]: Syncing config to ander31 (b1453593-5f83-3666-8d38-4070cb18656a)
[20May2025 00:39:04.564] [Server thread/INFO] [net.minecraft.server.network.ServerGamePacketListenerImpl/]: ander31 lost connection: Timed out
[20May2025 00:39:04.564] [Server thread/INFO] [net.minecraft.server.MinecraftServer/]: ander31 left the game
[20May2025 00:39:56.364] [Server thread/INFO] [net.minecraft.server.players.PlayerList/]: ander31[/127.205.183.188:58133] logged in with entity id 89217 at (31.5, 70.0, -8.5)
[20May2025 00:39:56.369] [Server thread/INFO] [net.minecraft.server.MinecraftServer/]: ander31 joined the game
[20May2025 00:39:56.414] [Server thread/INFO] [Jade/]: Syncing config to ander31 (b1453593-5f83-3666-8d38-4070cb18656a)
[20May2025 00:40:11.966] [Server thread/INFO] [net.minecraft.server.network.ServerGamePacketListenerImpl/]: ander31 lost connection: Disconnected
[20May2025 00:40:11.966] [Server thread/INFO] [net.minecraft.server.MinecraftServer/]: ander31 left the game
[20May2025 00:40:19.913] [Server thread/INFO] [net.minecraft.server.players.PlayerList/]: ander31[/127.205.183.188:36389] logged in with entity id 89748 at (31.5, 70.0, -8.5)
[20May2025 00:40:19.919] [Server thread/INFO] [net.minecraft.server.MinecraftServer/]: ander31 joined the game
[20May2025 00:40:19.955] [Server thread/INFO] [Jade/]: Syncing config to ander31 (b1453593-5f83-3666-8d38-4070cb18656a)
[20May2025 00:40:35.466] [Server thread/INFO] [net.minecraft.server.network.ServerGamePacketListenerImpl/]: ander31 lost connection: Disconnected
[20May2025 00:40:35.466] [Server thread/INFO] [net.minecraft.server.MinecraftServer/]: ander31 left the game
[20May2025 00:40:44.673] [Server thread/INFO] [net.minecraft.server.players.PlayerList/]: ander31[/127.205.183.188:41023] logged in with entity id 90287 at (31.5, 70.0, -8.5)
[20May2025 00:40:44.678] [Server thread/INFO] [net.minecraft.server.MinecraftServer/]: ander31 joined the game
[20May2025 00:40:44.718] [Server thread/INFO] [Jade/]: Syncing config to ander31 (b1453593-5f83-3666-8d38-4070cb18656a)
[20May2025 00:40:54.711] [Server thread/INFO] [net.minecraft.server.network.ServerGamePacketListenerImpl/]: ander31 lost connection: Disconnected
[20May2025 00:40:54.712] [Server thread/INFO] [net.minecraft.server.MinecraftServer/]: ander31 left the game
[20May2025 00:41:04.112] [Server thread/INFO] [net.minecraft.server.players.PlayerList/]: ander31[/127.205.183.188:33993] logged in with entity id 90774 at (31.5, 70.0, -8.5)
[20May2025 00:41:04.117] [Server thread/INFO] [net.minecraft.server.MinecraftServer/]: ander31 joined the game
[20May2025 00:41:04.154] [Server thread/INFO] [Jade/]: Syncing config to ander31 (b1453593-5f83-3666-8d38-4070cb18656a)
[20May2025 00:41:14.513] [Server thread/INFO] [net.minecraft.server.network.ServerGamePacketListenerImpl/]: ander31 lost connection: Disconnected
[20May2025 00:41:14.513] [Server thread/INFO] [net.minecraft.server.MinecraftServer/]: ander31 left the game
[20May2025 00:41:31.115] [Server thread/INFO] [net.minecraft.server.players.PlayerList/]: ander31[/127.205.183.188:39211] logged in with entity id 91149 at (31.5, 70.0, -8.5)
[20May2025 00:41:31.120] [Server thread/INFO] [net.minecraft.server.MinecraftServer/]: ander31 joined the game
[20May2025 00:41:31.166] [Server thread/INFO] [Jade/]: Syncing config to ander31 (b1453593-5f83-3666-8d38-4070cb18656a)
[20May2025 00:41:53.215] [Server thread/INFO] [net.minecraft.server.network.ServerGamePacketListenerImpl/]: ander31 lost connection: Disconnected
[20May2025 00:41:53.216] [Server thread/INFO] [net.minecraft.server.MinecraftServer/]: ander31 left the game
[20May2025 00:42:00.264] [Server thread/INFO] [net.minecraft.server.players.PlayerList/]: ander31[/127.205.183.188:36761] logged in with entity id 91555 at (31.5, 70.0, -8.5)
[20May2025 00:42:00.270] [Server thread/INFO] [net.minecraft.server.MinecraftServer/]: ander31 joined the game
[20May2025 00:42:00.308] [Server thread/INFO] [Jade/]: Syncing config to ander31 (b1453593-5f83-3666-8d38-4070cb18656a)
[20May2025 00:42:10.063] [Server thread/INFO] [net.minecraft.server.network.ServerGamePacketListenerImpl/]: ander31 lost connection: Disconnected
[20May2025 00:42:10.063] [Server thread/INFO] [net.minecraft.server.MinecraftServer/]: ander31 left the game
[20May2025 00:42:25.961] [Server thread/INFO] [net.minecraft.server.players.PlayerList/]: ander31[/127.205.183.188:49447] logged in with entity id 91919 at (31.5, 70.0, -8.5)
[20May2025 00:42:25.966] [Server thread/INFO] [net.minecraft.server.MinecraftServer/]: ander31 joined the game
[20May2025 00:42:26.005] [Server thread/INFO] [Jade/]: Syncing config to ander31 (b1453593-5f83-3666-8d38-4070cb18656a)
[20May2025 00:42:47.865] [Server thread/INFO] [net.minecraft.server.network.ServerGamePacketListenerImpl/]: ander31 lost connection: Disconnected
[20May2025 00:42:47.865] [Server thread/INFO] [net.minecraft.server.MinecraftServer/]: ander31 left the game
[20May2025 00:59:10.307] [Server thread/INFO] [net.minecraft.server.MinecraftServer/]: [Not Secure] <blackdesfail> zzzzzzzzzzzzzzzzzzzzzzz
[20May2025 01:30:23.957] [Server thread/INFO] [net.minecraft.server.network.ServerGamePacketListenerImpl/]: blackdesfail lost connection: Disconnected
[20May2025 01:30:23.957] [Server thread/INFO] [net.minecraft.server.MinecraftServer/]: blackdesfail left the game
[20May2025 01:32:38.964] [Server thread/INFO] [net.minecraft.server.players.PlayerList/]: blackdesfail[/127.195.151.45:34797] logged in with entity id 116952 at (4202.8228347720205, 79.0, 3350.4734306549403)
[20May2025 01:32:38.969] [Server thread/INFO] [net.minecraft.server.MinecraftServer/]: blackdesfail joined the game
[20May2025 01:32:38.975] [Server thread/INFO] [Jade/]: Syncing config to blackdesfail (8ee55147-1e45-3b94-88b3-e892d49e9186)
[20May2025 01:54:26.157] [Server thread/INFO] [net.minecraft.server.network.ServerGamePacketListenerImpl/]: blackdesfail lost connection: Timed out
[20May2025 01:54:26.157] [Server thread/INFO] [net.minecraft.server.MinecraftServer/]: blackdesfail left the game
[20May2025 01:54:54.660] [Server thread/INFO] [net.minecraft.server.players.PlayerList/]: blackdesfail[/127.171.249.231:53455] logged in with entity id 129388 at (4199.247444743111, 79.5, 3367.300000011921)
[20May2025 01:54:54.666] [Server thread/INFO] [net.minecraft.server.MinecraftServer/]: blackdesfail joined the game
[20May2025 01:54:54.673] [Server thread/INFO] [Jade/]: Syncing config to blackdesfail (8ee55147-1e45-3b94-88b3-e892d49e9186)
[20May2025 01:55:15.126] [Server thread/INFO] [net.minecraft.server.MinecraftServer/]: [Not Secure] <blackdesfail> zzzzzzzzzzzzzzzz
[20May2025 02:05:51.316] [Server thread/INFO] [net.minecraft.server.MinecraftServer/]: [Not Secure] <blackdesfail> zzzzzzzzzzz
[20May2025 02:24:15.883] [Server thread/INFO] [net.minecraft.server.MinecraftServer/]: blackdesfail has made the advancement [Voluntary Exile]
[20May2025 02:25:42.409] [Server thread/INFO] [net.minecraft.server.network.ServerGamePacketListenerImpl/]: blackdesfail lost connection: Timed out
[20May2025 02:25:42.410] [Server thread/INFO] [net.minecraft.server.MinecraftServer/]: blackdesfail left the game
[20May2025 02:25:48.057] [Server thread/INFO] [net.minecraft.server.players.PlayerList/]: blackdesfail[/127.195.151.45:35107] logged in with entity id 138487 at (4199.775925288562, 75.0, 3348.5023465645845)
[20May2025 02:25:48.063] [Server thread/INFO] [net.minecraft.server.MinecraftServer/]: blackdesfail joined the game
[20May2025 02:25:48.069] [Server thread/INFO] [Jade/]: Syncing config to blackdesfail (8ee55147-1e45-3b94-88b3-e892d49e9186)
